Flow report for stream_arbiter
Sun Nov 19 17:53:39 2023
Quartus Prime Version 21.1.1 Build 850 06/23/2022 SJ Lite Edition


---------------------
; Table of Contents ;
---------------------
  1. Legal Notice
  2. Flow Summary
  3. Flow Settings
  4. Flow Non-Default Global Settings
  5. Flow Elapsed Time
  6. Flow OS Summary
  7. Flow Log
  8. Flow Messages
  9. Flow Suppressed Messages



----------------
; Legal Notice ;
----------------
Copyright (C) 2022  Intel Corporation. All rights reserved.
Your use of Intel Corporation's design tools, logic functions 
and other software and tools, and any partner logic 
functions, and any output files from any of the foregoing 
(including device programming or simulation files), and any 
associated documentation or information are expressly subject 
to the terms and conditions of the Intel Program License 
Subscription Agreement, the Intel Quartus Prime License Agreement,
the Intel FPGA IP License Agreement, or other applicable license
agreement, including, without limitation, that your use is for
the sole purpose of programming logic devices manufactured by
Intel and sold by Intel or its authorized distributors.  Please
refer to the applicable agreement for further details, at
https://fpgasoftware.intel.com/eula.



+----------------------------------------------------------------------------------+
; Flow Summary                                                                     ;
+------------------------------------+---------------------------------------------+
; Flow Status                        ; Successful - Sun Nov 19 17:53:39 2023       ;
; Quartus Prime Version              ; 21.1.1 Build 850 06/23/2022 SJ Lite Edition ;
; Revision Name                      ; stream_arbiter                              ;
; Top-level Entity Name              ; stream_arbiter                              ;
; Family                             ; Cyclone IV E                                ;
; Device                             ; EP4CE6E22C7                                 ;
; Timing Models                      ; Final                                       ;
; Total logic elements               ; 58 / 6,272 ( < 1 % )                        ;
;     Total combinational functions  ; 58 / 6,272 ( < 1 % )                        ;
;     Dedicated logic registers      ; 21 / 6,272 ( < 1 % )                        ;
; Total registers                    ; 21                                          ;
; Total pins                         ; 48 / 92 ( 52 % )                            ;
; Total virtual pins                 ; 0                                           ;
; Total memory bits                  ; 0 / 276,480 ( 0 % )                         ;
; Embedded Multiplier 9-bit elements ; 0 / 30 ( 0 % )                              ;
; Total PLLs                         ; 0 / 2 ( 0 % )                               ;
+------------------------------------+---------------------------------------------+


+-----------------------------------------+
; Flow Settings                           ;
+-------------------+---------------------+
; Option            ; Setting             ;
+-------------------+---------------------+
; Start date & time ; 11/19/2023 17:53:14 ;
; Main task         ; Compilation         ;
; Revision Name     ; stream_arbiter      ;
+-------------------+---------------------+


+---------------------------------------------------------------------------------------------------------------------------------------------------+
; Flow Non-Default Global Settings                                                                                                                  ;
+----------------------------------------+----------------------------------------+---------------+-------------+-----------------------------------+
; Assignment Name                        ; Value                                  ; Default Value ; Entity Name ; Section Id                        ;
+----------------------------------------+----------------------------------------+---------------+-------------+-----------------------------------+
; COMPILER_SIGNATURE_ID                  ; 190135463573206.170040559328897        ; --            ; --          ; --                                ;
; EDA_DESIGN_INSTANCE_NAME               ; NA                                     ; --            ; --          ; stream_arbiter_tb                 ;
; EDA_GENERATE_FUNCTIONAL_NETLIST        ; Off                                    ; --            ; --          ; eda_board_design_timing           ;
; EDA_GENERATE_FUNCTIONAL_NETLIST        ; Off                                    ; --            ; --          ; eda_board_design_boundary_scan    ;
; EDA_GENERATE_FUNCTIONAL_NETLIST        ; Off                                    ; --            ; --          ; eda_board_design_signal_integrity ;
; EDA_GENERATE_FUNCTIONAL_NETLIST        ; Off                                    ; --            ; --          ; eda_board_design_symbol           ;
; EDA_NATIVELINK_SIMULATION_SETUP_SCRIPT ; stream_arbiter_run_simulation.do       ; --            ; --          ; eda_simulation                    ;
; EDA_NATIVELINK_SIMULATION_TEST_BENCH   ; stream_arbiter_tb                      ; --            ; --          ; eda_simulation                    ;
; EDA_OUTPUT_DATA_FORMAT                 ; Systemverilog Hdl                      ; --            ; --          ; eda_simulation                    ;
; EDA_SIMULATION_TOOL                    ; Questa Intel FPGA (SystemVerilog)      ; <None>        ; --          ; --                                ;
; EDA_TEST_BENCH_ENABLE_STATUS           ; TEST_BENCH_MODE                        ; --            ; --          ; eda_simulation                    ;
; EDA_TEST_BENCH_FILE                    ; stream_arbiter_tb.sv                   ; --            ; --          ; stream_arbiter_tb                 ;
; EDA_TEST_BENCH_MODULE_NAME             ; stream_arbiter_tb                      ; --            ; --          ; stream_arbiter_tb                 ;
; EDA_TEST_BENCH_NAME                    ; stream_arbiter_tb                      ; --            ; --          ; eda_simulation                    ;
; EDA_TIME_SCALE                         ; 1 ps                                   ; --            ; --          ; eda_simulation                    ;
; MAX_CORE_JUNCTION_TEMP                 ; 85                                     ; --            ; --          ; --                                ;
; MIN_CORE_JUNCTION_TEMP                 ; 0                                      ; --            ; --          ; --                                ;
; NOMINAL_CORE_SUPPLY_VOLTAGE            ; 1.2V                                   ; --            ; --          ; --                                ;
; PARTITION_COLOR                        ; -- (Not supported for targeted family) ; --            ; --          ; Top                               ;
; PARTITION_FITTER_PRESERVATION_LEVEL    ; -- (Not supported for targeted family) ; --            ; --          ; Top                               ;
; PARTITION_NETLIST_TYPE                 ; -- (Not supported for targeted family) ; --            ; --          ; Top                               ;
; POWER_BOARD_THERMAL_MODEL              ; None (CONSERVATIVE)                    ; --            ; --          ; --                                ;
; POWER_PRESET_COOLING_SOLUTION          ; 23 MM HEAT SINK WITH 200 LFPM AIRFLOW  ; --            ; --          ; --                                ;
; PROJECT_OUTPUT_DIRECTORY               ; output_files                           ; --            ; --          ; --                                ;
; VERILOG_INPUT_VERSION                  ; SystemVerilog_2005                     ; Verilog_2001  ; --          ; --                                ;
; VERILOG_SHOW_LMF_MAPPING_MESSAGES      ; Off                                    ; --            ; --          ; --                                ;
+----------------------------------------+----------------------------------------+---------------+-------------+-----------------------------------+


+--------------------------------------------------------------------------------------------------------------------------+
; Flow Elapsed Time                                                                                                        ;
+----------------------+--------------+-------------------------+---------------------+------------------------------------+
; Module Name          ; Elapsed Time ; Average Processors Used ; Peak Virtual Memory ; Total CPU Time (on all processors) ;
+----------------------+--------------+-------------------------+---------------------+------------------------------------+
; Analysis & Synthesis ; 00:00:11     ; 1.0                     ; 381 MB              ; 00:00:25                           ;
; Fitter               ; 00:00:06     ; 1.0                     ; 714 MB              ; 00:00:06                           ;
; Assembler            ; 00:00:01     ; 1.0                     ; 359 MB              ; 00:00:01                           ;
; Timing Analyzer      ; 00:00:02     ; 1.0                     ; 443 MB              ; 00:00:02                           ;
; EDA Netlist Writer   ; 00:00:01     ; 1.0                     ; 609 MB              ; 00:00:00                           ;
; Total                ; 00:00:21     ; --                      ; --                  ; 00:00:34                           ;
+----------------------+--------------+-------------------------+---------------------+------------------------------------+


+----------------------------------------------------------------------------------------+
; Flow OS Summary                                                                        ;
+----------------------+------------------+----------------+------------+----------------+
; Module Name          ; Machine Hostname ; OS Name        ; OS Version ; Processor type ;
+----------------------+------------------+----------------+------------+----------------+
; Analysis & Synthesis ; nealan-TM1613    ; Ubuntu 22.04.3 ; 22         ; x86_64         ;
; Fitter               ; nealan-TM1613    ; Ubuntu 22.04.3 ; 22         ; x86_64         ;
; Assembler            ; nealan-TM1613    ; Ubuntu 22.04.3 ; 22         ; x86_64         ;
; Timing Analyzer      ; nealan-TM1613    ; Ubuntu 22.04.3 ; 22         ; x86_64         ;
; EDA Netlist Writer   ; nealan-TM1613    ; Ubuntu 22.04.3 ; 22         ; x86_64         ;
+----------------------+------------------+----------------+------------+----------------+


------------
; Flow Log ;
------------
quartus_map --read_settings_files=on --write_settings_files=off stream_arbiter -c stream_arbiter
quartus_fit --read_settings_files=off --write_settings_files=off stream_arbiter -c stream_arbiter
quartus_asm --read_settings_files=off --write_settings_files=off stream_arbiter -c stream_arbiter
quartus_sta stream_arbiter -c stream_arbiter
quartus_eda --read_settings_files=off --write_settings_files=off stream_arbiter -c stream_arbiter



